{"meta": {"format": 3, "version": "7.10.3", "timestamp": "2025-08-13T03:10:24.423485", "branch_coverage": false, "show_contexts": false}, "files": {"src/api/main.py": {"executed_lines": [1, 11, 12, 13, 14, 15, 17, 18, 19, 21, 25, 28, 29, 47, 55, 64, 65, 68, 69, 70, 71, 74, 75], "summary": {"covered_lines": 22, "num_statements": 28, "percent_covered": 78.57142857142857, "percent_covered_display": "79", "missing_lines": 6, "excluded_lines": 0}, "missing_lines": [34, 37, 38, 40, 43, 79], "excluded_lines": [], "functions": {"lifespan": {"executed_lines": [], "summary": {"covered_lines": 0, "num_statements": 5, "percent_covered": 0.0, "percent_covered_display": "0", "missing_lines": 5, "excluded_lines": 0}, "missing_lines": [34, 37, 38, 40, 43], "excluded_lines": []}, "root": {"executed_lines": [], "summary": {"covered_lines": 0, "num_statements": 1, "percent_covered": 0.0, "percent_covered_display": "0", "missing_lines": 1, "excluded_lines": 0}, "missing_lines": [79], "excluded_lines": []}, "": {"executed_lines": [1, 11, 12, 13, 14, 15, 17, 18, 19, 21, 25, 28, 29, 47, 55, 64, 65, 68, 69, 70, 71, 74, 75], "summary": {"covered_lines": 22, "num_statements": 22, "percent_covered": 100.0, "percent_covered_display": "100", "missing_lines": 0, "excluded_lines": 0}, "missing_lines": [], "excluded_lines": []}}, "classes": {"": {"executed_lines": [1, 11, 12, 13, 14, 15, 17, 18, 19, 21, 25, 28, 29, 47, 55, 64, 65, 68, 69, 70, 71, 74, 75], "summary": {"covered_lines": 22, "num_statements": 28, "percent_covered": 78.57142857142857, "percent_covered_display": "79", "missing_lines": 6, "excluded_lines": 0}, "missing_lines": [34, 37, 38, 40, 43, 79], "excluded_lines": []}}}, "src/api/routes/health.py": {"executed_lines": [1, 11, 12, 13, 14, 16, 17, 19, 22, 23, 41, 48, 49, 73, 76, 77, 79, 80, 83, 84, 85, 86, 90, 92], "summary": {"covered_lines": 23, "num_statements": 26, "percent_covered": 88.46153846153847, "percent_covered_display": "88", "missing_lines": 3, "excluded_lines": 0}, "missing_lines": [78, 87, 88], "excluded_lines": [], "functions": {"health_check": {"executed_lines": [41], "summary": {"covered_lines": 1, "num_statements": 1, "percent_covered": 100.0, "percent_covered_display": "100", "missing_lines": 0, "excluded_lines": 0}, "missing_lines": [], "excluded_lines": []}, "readiness_check": {"executed_lines": [73, 76, 77, 79, 80, 83, 84, 85, 86, 90, 92], "summary": {"covered_lines": 11, "num_statements": 14, "percent_covered": 78.57142857142857, "percent_covered_display": "79", "missing_lines": 3, "excluded_lines": 0}, "missing_lines": [78, 87, 88], "excluded_lines": []}, "": {"executed_lines": [1, 11, 12, 13, 14, 16, 17, 19, 22, 23, 48, 49], "summary": {"covered_lines": 11, "num_statements": 11, "percent_covered": 100.0, "percent_covered_display": "100", "missing_lines": 0, "excluded_lines": 0}, "missing_lines": [], "excluded_lines": []}}, "classes": {"": {"executed_lines": [1, 11, 12, 13, 14, 16, 17, 19, 22, 23, 41, 48, 49, 73, 76, 77, 79, 80, 83, 84, 85, 86, 90, 92], "summary": {"covered_lines": 23, "num_statements": 26, "percent_covered": 88.46153846153847, "percent_covered_display": "88", "missing_lines": 3, "excluded_lines": 0}, "missing_lines": [78, 87, 88], "excluded_lines": []}}}, "src/api/routes/predictions.py": {"executed_lines": [1, 11, 12, 14, 15, 16, 17, 18, 20, 22, 25, 26, 53, 70, 71, 98, 99, 122, 123, 151], "summary": {"covered_lines": 19, "num_statements": 38, "percent_covered": 50.0, "percent_covered_display": "50", "missing_lines": 19, "excluded_lines": 0}, "missing_lines": [55, 56, 59, 60, 65, 66, 67, 105, 107, 108, 109, 110, 113, 114, 117, 118, 119, 152, 154], "excluded_lines": [], "functions": {"predict_single": {"executed_lines": [53], "summary": {"covered_lines": 1, "num_statements": 8, "percent_covered": 12.5, "percent_covered_display": "12", "missing_lines": 7, "excluded_lines": 0}, "missing_lines": [55, 56, 59, 60, 65, 66, 67], "excluded_lines": []}, "predict_batch": {"executed_lines": [98, 99], "summary": {"covered_lines": 2, "num_statements": 12, "percent_covered": 16.666666666666668, "percent_covered_display": "17", "missing_lines": 10, "excluded_lines": 0}, "missing_lines": [105, 107, 108, 109, 110, 113, 114, 117, 118, 119], "excluded_lines": []}, "get_metrics": {"executed_lines": [151], "summary": {"covered_lines": 1, "num_statements": 3, "percent_covered": 33.333333333333336, "percent_covered_display": "33", "missing_lines": 2, "excluded_lines": 0}, "missing_lines": [152, 154], "excluded_lines": []}, "": {"executed_lines": [1, 11, 12, 14, 15, 16, 17, 18, 20, 22, 25, 26, 70, 71, 122, 123], "summary": {"covered_lines": 15, "num_statements": 15, "percent_covered": 100.0, "percent_covered_display": "100", "missing_lines": 0, "excluded_lines": 0}, "missing_lines": [], "excluded_lines": []}}, "classes": {"": {"executed_lines": [1, 11, 12, 14, 15, 16, 17, 18, 20, 22, 25, 26, 53, 70, 71, 98, 99, 122, 123, 151], "summary": {"covered_lines": 19, "num_statements": 38, "percent_covered": 50.0, "percent_covered_display": "50", "missing_lines": 19, "excluded_lines": 0}, "missing_lines": [55, 56, 59, 60, 65, 66, 67, 105, 107, 108, 109, 110, 113, 114, 117, 118, 119, 152, 154], "excluded_lines": []}}}, "src/api/routes/students.py": {"executed_lines": [1, 11, 12, 13, 14, 16, 17, 18, 20, 23, 24, 49, 64, 65, 88, 96, 97, 120, 124, 125, 166, 167], "summary": {"covered_lines": 21, "num_statements": 48, "percent_covered": 43.75, "percent_covered_display": "44", "missing_lines": 27, "excluded_lines": 0}, "missing_lines": [53, 54, 56, 57, 58, 59, 61, 90, 91, 93, 121, 151, 153, 154, 156, 157, 158, 160, 161, 163, 195, 197, 198, 200, 201, 202, 204], "excluded_lines": [], "functions": {"create_student": {"executed_lines": [49], "summary": {"covered_lines": 1, "num_statements": 8, "percent_covered": 12.5, "percent_covered_display": "12", "missing_lines": 7, "excluded_lines": 0}, "missing_lines": [53, 54, 56, 57, 58, 59, 61], "excluded_lines": []}, "get_student": {"executed_lines": [88], "summary": {"covered_lines": 1, "num_statements": 4, "percent_covered": 25.0, "percent_covered_display": "25", "missing_lines": 3, "excluded_lines": 0}, "missing_lines": [90, 91, 93], "excluded_lines": []}, "list_students": {"executed_lines": [120], "summary": {"covered_lines": 1, "num_statements": 2, "percent_covered": 50.0, "percent_covered_display": "50", "missing_lines": 1, "excluded_lines": 0}, "missing_lines": [121], "excluded_lines": []}, "update_student": {"executed_lines": [], "summary": {"covered_lines": 0, "num_statements": 9, "percent_covered": 0.0, "percent_covered_display": "0", "missing_lines": 9, "excluded_lines": 0}, "missing_lines": [151, 153, 154, 156, 157, 158, 160, 161, 163], "excluded_lines": []}, "delete_student": {"executed_lines": [], "summary": {"covered_lines": 0, "num_statements": 7, "percent_covered": 0.0, "percent_covered_display": "0", "missing_lines": 7, "excluded_lines": 0}, "missing_lines": [195, 197, 198, 200, 201, 202, 204], "excluded_lines": []}, "": {"executed_lines": [1, 11, 12, 13, 14, 16, 17, 18, 20, 23, 24, 64, 65, 96, 97, 124, 125, 166, 167], "summary": {"covered_lines": 18, "num_statements": 18, "percent_covered": 100.0, "percent_covered_display": "100", "missing_lines": 0, "excluded_lines": 0}, "missing_lines": [], "excluded_lines": []}}, "classes": {"": {"executed_lines": [1, 11, 12, 13, 14, 16, 17, 18, 20, 23, 24, 49, 64, 65, 88, 96, 97, 120, 124, 125, 166, 167], "summary": {"covered_lines": 21, "num_statements": 48, "percent_covered": 43.75, "percent_covered_display": "44", "missing_lines": 27, "excluded_lines": 0}, "missing_lines": [53, 54, 56, 57, 58, 59, 61, 90, 91, 93, 121, 151, 153, 154, 156, 157, 158, 160, 161, 163, 195, 197, 198, 200, 201, 202, 204], "excluded_lines": []}}}, "src/api/routes/training.py": {"executed_lines": [1, 11, 12, 13, 14, 16, 17, 18, 20, 23, 24, 73, 74, 98], "summary": {"covered_lines": 13, "num_statements": 21, "percent_covered": 61.904761904761905, "percent_covered_display": "62", "missing_lines": 8, "excluded_lines": 0}, "missing_lines": [51, 52, 55, 56, 57, 64, 66, 68], "excluded_lines": [], "functions": {"update_model": {"executed_lines": [], "summary": {"covered_lines": 0, "num_statements": 8, "percent_covered": 0.0, "percent_covered_display": "0", "missing_lines": 8, "excluded_lines": 0}, "missing_lines": [51, 52, 55, 56, 57, 64, 66, 68], "excluded_lines": []}, "get_update_status": {"executed_lines": [98], "summary": {"covered_lines": 1, "num_statements": 1, "percent_covered": 100.0, "percent_covered_display": "100", "missing_lines": 0, "excluded_lines": 0}, "missing_lines": [], "excluded_lines": []}, "": {"executed_lines": [1, 11, 12, 13, 14, 16, 17, 18, 20, 23, 24, 73, 74], "summary": {"covered_lines": 12, "num_statements": 12, "percent_covered": 100.0, "percent_covered_display": "100", "missing_lines": 0, "excluded_lines": 0}, "missing_lines": [], "excluded_lines": []}}, "classes": {"": {"executed_lines": [1, 11, 12, 13, 14, 16, 17, 18, 20, 23, 24, 73, 74, 98], "summary": {"covered_lines": 13, "num_statements": 21, "percent_covered": 61.904761904761905, "percent_covered_display": "62", "missing_lines": 8, "excluded_lines": 0}, "missing_lines": [51, 52, 55, 56, 57, 64, 66, 68], "excluded_lines": []}}}, "src/config/settings.py": {"executed_lines": [1, 11, 12, 14, 15, 18, 20, 22, 24, 25, 35, 38, 39, 61, 70, 71, 72, 73, 76, 77, 78, 79, 80, 85, 88, 89, 90, 91, 92, 95, 98, 103, 104, 105, 108, 109, 110, 111, 114, 115, 116, 117, 118, 119, 120, 121, 124, 125, 126, 127, 130, 133, 138, 139, 140, 143, 148, 149, 150, 153, 154, 157, 158, 159, 160, 163, 164, 167, 168, 169, 174, 175, 178, 179, 180, 182, 183, 185, 187, 188, 189, 191, 192, 194, 196, 197, 199, 201, 202, 206, 207, 211, 212, 217, 218, 235, 239], "summary": {"covered_lines": 95, "num_statements": 107, "percent_covered": 88.78504672897196, "percent_covered_display": "89", "missing_lines": 12, "excluded_lines": 0}, "missing_lines": [21, 26, 27, 29, 30, 31, 32, 184, 193, 204, 209, 214], "excluded_lines": [], "functions": {"parse_cors_origins": {"executed_lines": [20, 22, 24, 25], "summary": {"covered_lines": 4, "num_statements": 11, "percent_covered": 36.36363636363637, "percent_covered_display": "36", "missing_lines": 7, "excluded_lines": 0}, "missing_lines": [21, 26, 27, 29, 30, 31, 32], "excluded_lines": []}, "Settings.validate_environment": {"executed_lines": [182, 183, 185], "summary": {"covered_lines": 3, "num_statements": 4, "percent_covered": 75.0, "percent_covered_display": "75", "missing_lines": 1, "excluded_lines": 0}, "missing_lines": [184], "excluded_lines": []}, "Settings.validate_log_level": {"executed_lines": [191, 192, 194], "summary": {"covered_lines": 3, "num_statements": 4, "percent_covered": 75.0, "percent_covered_display": "75", "missing_lines": 1, "excluded_lines": 0}, "missing_lines": [193], "excluded_lines": []}, "Settings.cors_origins": {"executed_lines": [199], "summary": {"covered_lines": 1, "num_statements": 1, "percent_covered": 100.0, "percent_covered_display": "100", "missing_lines": 0, "excluded_lines": 0}, "missing_lines": [], "excluded_lines": []}, "Settings.is_development": {"executed_lines": [], "summary": {"covered_lines": 0, "num_statements": 1, "percent_covered": 0.0, "percent_covered_display": "0", "missing_lines": 1, "excluded_lines": 0}, "missing_lines": [204], "excluded_lines": []}, "Settings.is_production": {"executed_lines": [], "summary": {"covered_lines": 0, "num_statements": 1, "percent_covered": 0.0, "percent_covered_display": "0", "missing_lines": 1, "excluded_lines": 0}, "missing_lines": [209], "excluded_lines": []}, "Settings.is_testing": {"executed_lines": [], "summary": {"covered_lines": 0, "num_statements": 1, "percent_covered": 0.0, "percent_covered_display": "0", "missing_lines": 1, "excluded_lines": 0}, "missing_lines": [214], "excluded_lines": []}, "get_settings": {"executed_lines": [235], "summary": {"covered_lines": 1, "num_statements": 1, "percent_covered": 100.0, "percent_covered_display": "100", "missing_lines": 0, "excluded_lines": 0}, "missing_lines": [], "excluded_lines": []}, "": {"executed_lines": [1, 11, 12, 14, 15, 18, 35, 38, 39, 61, 70, 71, 72, 73, 76, 77, 78, 79, 80, 85, 88, 89, 90, 91, 92, 95, 98, 103, 104, 105, 108, 109, 110, 111, 114, 115, 116, 117, 118, 119, 120, 121, 124, 125, 126, 127, 130, 133, 138, 139, 140, 143, 148, 149, 150, 153, 154, 157, 158, 159, 160, 163, 164, 167, 168, 169, 174, 175, 178, 179, 180, 187, 188, 189, 196, 197, 201, 202, 206, 207, 211, 212, 217, 218, 239], "summary": {"covered_lines": 83, "num_statements": 83, "percent_covered": 100.0, "percent_covered_display": "100", "missing_lines": 0, "excluded_lines": 0}, "missing_lines": [], "excluded_lines": []}}, "classes": {"Settings": {"executed_lines": [182, 183, 185, 191, 192, 194, 199], "summary": {"covered_lines": 7, "num_statements": 12, "percent_covered": 58.333333333333336, "percent_covered_display": "58", "missing_lines": 5, "excluded_lines": 0}, "missing_lines": [184, 193, 204, 209, 214], "excluded_lines": []}, "": {"executed_lines": [1, 11, 12, 14, 15, 18, 20, 22, 24, 25, 35, 38, 39, 61, 70, 71, 72, 73, 76, 77, 78, 79, 80, 85, 88, 89, 90, 91, 92, 95, 98, 103, 104, 105, 108, 109, 110, 111, 114, 115, 116, 117, 118, 119, 120, 121, 124, 125, 126, 127, 130, 133, 138, 139, 140, 143, 148, 149, 150, 153, 154, 157, 158, 159, 160, 163, 164, 167, 168, 169, 174, 175, 178, 179, 180, 187, 188, 189, 196, 197, 201, 202, 206, 207, 211, 212, 217, 218, 235, 239], "summary": {"covered_lines": 88, "num_statements": 95, "percent_covered": 92.63157894736842, "percent_covered_display": "93", "missing_lines": 7, "excluded_lines": 0}, "missing_lines": [21, 26, 27, 29, 30, 31, 32], "excluded_lines": []}}}, "src/db/database.py": {"executed_lines": [1, 11, 12, 13, 14, 15, 16, 18, 23, 31, 34, 37, 38, 58, 59, 60, 62, 65], "summary": {"covered_lines": 17, "num_statements": 18, "percent_covered": 94.44444444444444, "percent_covered_display": "94", "missing_lines": 1, "excluded_lines": 0}, "missing_lines": [86], "excluded_lines": [], "functions": {"get_db": {"executed_lines": [58, 59, 60, 62], "summary": {"covered_lines": 4, "num_statements": 4, "percent_covered": 100.0, "percent_covered_display": "100", "missing_lines": 0, "excluded_lines": 0}, "missing_lines": [], "excluded_lines": []}, "init_db": {"executed_lines": [], "summary": {"covered_lines": 0, "num_statements": 1, "percent_covered": 0.0, "percent_covered_display": "0", "missing_lines": 1, "excluded_lines": 0}, "missing_lines": [86], "excluded_lines": []}, "": {"executed_lines": [1, 11, 12, 13, 14, 15, 16, 18, 23, 31, 34, 37, 38, 65], "summary": {"covered_lines": 13, "num_statements": 13, "percent_covered": 100.0, "percent_covered_display": "100", "missing_lines": 0, "excluded_lines": 0}, "missing_lines": [], "excluded_lines": []}}, "classes": {"": {"executed_lines": [1, 11, 12, 13, 14, 15, 16, 18, 23, 31, 34, 37, 38, 58, 59, 60, 62, 65], "summary": {"covered_lines": 17, "num_statements": 18, "percent_covered": 94.44444444444444, "percent_covered_display": "94", "missing_lines": 1, "excluded_lines": 0}, "missing_lines": [86], "excluded_lines": []}}}, "src/db/models.py": {"executed_lines": [1, 11, 25, 26, 27, 28, 29, 31, 34, 35, 40, 41, 43, 44, 47, 49, 50, 52, 55, 58, 60, 70, 71, 73, 75, 76, 77, 78, 79, 80, 81, 82, 83, 84, 85, 86, 87, 88, 89, 90, 93, 96, 97, 100, 101, 106, 107, 108, 110, 111, 112, 115, 116, 117, 118, 121, 124, 125, 127, 129, 130, 131, 132, 133, 136, 137, 138, 139, 142, 143, 148, 149, 151, 153, 154, 155, 156, 157, 163, 164, 167, 170, 171, 172, 174, 175, 176, 177, 180, 181, 184, 187, 188, 190, 192, 193, 194, 195, 196, 197, 198, 199, 200, 203, 206, 207, 209, 211, 212, 213, 214, 215, 216, 217, 218, 221, 224, 225, 227, 229, 230, 231, 232, 233, 234, 235, 236], "summary": {"covered_lines": 125, "num_statements": 134, "percent_covered": 93.28358208955224, "percent_covered_display": "93", "missing_lines": 9, "excluded_lines": 0}, "missing_lines": [45, 51, 53, 56, 61, 62, 64, 65, 67], "excluded_lines": [], "functions": {"GUID.load_dialect_impl": {"executed_lines": [44, 47], "summary": {"covered_lines": 2, "num_statements": 3, "percent_covered": 66.66666666666667, "percent_covered_display": "67", "missing_lines": 1, "excluded_lines": 0}, "missing_lines": [45], "excluded_lines": []}, "GUID.process_bind_param": {"executed_lines": [50, 52, 55, 58], "summary": {"covered_lines": 4, "num_statements": 7, "percent_covered": 57.142857142857146, "percent_covered_display": "57", "missing_lines": 3, "excluded_lines": 0}, "missing_lines": [51, 53, 56], "excluded_lines": []}, "GUID.process_result_value": {"executed_lines": [], "summary": {"covered_lines": 0, "num_statements": 5, "percent_covered": 0.0, "percent_covered_display": "0", "missing_lines": 5, "excluded_lines": 0}, "missing_lines": [61, 62, 64, 65, 67], "excluded_lines": []}, "": {"executed_lines": [1, 11, 25, 26, 27, 28, 29, 31, 34, 35, 40, 41, 43, 49, 60, 70, 71, 73, 75, 76, 77, 78, 79, 80, 81, 82, 83, 84, 85, 86, 87, 88, 89, 90, 93, 96, 97, 100, 101, 106, 107, 108, 110, 111, 112, 115, 116, 117, 118, 121, 124, 125, 127, 129, 130, 131, 132, 133, 136, 137, 138, 139, 142, 143, 148, 149, 151, 153, 154, 155, 156, 157, 163, 164, 167, 170, 171, 172, 174, 175, 176, 177, 180, 181, 184, 187, 188, 190, 192, 193, 194, 195, 196, 197, 198, 199, 200, 203, 206, 207, 209, 211, 212, 213, 214, 215, 216, 217, 218, 221, 224, 225, 227, 229, 230, 231, 232, 233, 234, 235, 236], "summary": {"covered_lines": 119, "num_statements": 119, "percent_covered": 100.0, "percent_covered_display": "100", "missing_lines": 0, "excluded_lines": 0}, "missing_lines": [], "excluded_lines": []}}, "classes": {"GUID": {"executed_lines": [44, 47, 50, 52, 55, 58], "summary": {"covered_lines": 6, "num_statements": 15, "percent_covered": 40.0, "percent_covered_display": "40", "missing_lines": 9, "excluded_lines": 0}, "missing_lines": [45, 51, 53, 56, 61, 62, 64, 65, 67], "excluded_lines": []}, "Student": {"executed_lines": [], "summary": {"covered_lines": 0, "num_statements": 0, "percent_covered": 100.0, "percent_covered_display": "100", "missing_lines": 0, "excluded_lines": 0}, "missing_lines": [], "excluded_lines": []}, "StudentFeature": {"executed_lines": [], "summary": {"covered_lines": 0, "num_statements": 0, "percent_covered": 100.0, "percent_covered_display": "100", "missing_lines": 0, "excluded_lines": 0}, "missing_lines": [], "excluded_lines": []}, "Prediction": {"executed_lines": [], "summary": {"covered_lines": 0, "num_statements": 0, "percent_covered": 100.0, "percent_covered_display": "100", "missing_lines": 0, "excluded_lines": 0}, "missing_lines": [], "excluded_lines": []}, "TrainingFeedback": {"executed_lines": [], "summary": {"covered_lines": 0, "num_statements": 0, "percent_covered": 100.0, "percent_covered_display": "100", "missing_lines": 0, "excluded_lines": 0}, "missing_lines": [], "excluded_lines": []}, "AttendanceRecord": {"executed_lines": [], "summary": {"covered_lines": 0, "num_statements": 0, "percent_covered": 100.0, "percent_covered_display": "100", "missing_lines": 0, "excluded_lines": 0}, "missing_lines": [], "excluded_lines": []}, "Grade": {"executed_lines": [], "summary": {"covered_lines": 0, "num_statements": 0, "percent_covered": 100.0, "percent_covered_display": "100", "missing_lines": 0, "excluded_lines": 0}, "missing_lines": [], "excluded_lines": []}, "DisciplineIncident": {"executed_lines": [], "summary": {"covered_lines": 0, "num_statements": 0, "percent_covered": 100.0, "percent_covered_display": "100", "missing_lines": 0, "excluded_lines": 0}, "missing_lines": [], "excluded_lines": []}, "ModelMetadata": {"executed_lines": [], "summary": {"covered_lines": 0, "num_statements": 0, "percent_covered": 100.0, "percent_covered_display": "100", "missing_lines": 0, "excluded_lines": 0}, "missing_lines": [], "excluded_lines": []}, "": {"executed_lines": [1, 11, 25, 26, 27, 28, 29, 31, 34, 35, 40, 41, 43, 49, 60, 70, 71, 73, 75, 76, 77, 78, 79, 80, 81, 82, 83, 84, 85, 86, 87, 88, 89, 90, 93, 96, 97, 100, 101, 106, 107, 108, 110, 111, 112, 115, 116, 117, 118, 121, 124, 125, 127, 129, 130, 131, 132, 133, 136, 137, 138, 139, 142, 143, 148, 149, 151, 153, 154, 155, 156, 157, 163, 164, 167, 170, 171, 172, 174, 175, 176, 177, 180, 181, 184, 187, 188, 190, 192, 193, 194, 195, 196, 197, 198, 199, 200, 203, 206, 207, 209, 211, 212, 213, 214, 215, 216, 217, 218, 221, 224, 225, 227, 229, 230, 231, 232, 233, 234, 235, 236], "summary": {"covered_lines": 119, "num_statements": 119, "percent_covered": 100.0, "percent_covered_display": "100", "missing_lines": 0, "excluded_lines": 0}, "missing_lines": [], "excluded_lines": []}}}, "src/features/attendance.py": {"executed_lines": [1, 11, 12, 13, 15, 16, 19, 20, 24, 34, 37, 49, 50, 53, 54, 55, 56, 57, 60, 61, 62, 63, 66, 67, 70, 71, 74, 75, 78, 95, 97, 101, 118, 128, 130, 153, 157, 158, 159, 160, 161, 163, 164, 165, 168, 169, 170, 171, 172, 174], "summary": {"covered_lines": 48, "num_statements": 49, "percent_covered": 97.95918367346938, "percent_covered_display": "98", "missing_lines": 1, "excluded_lines": 0}, "missing_lines": [154], "excluded_lines": [], "functions": {"AttendanceFeatureExtractor.extract": {"executed_lines": [34, 37, 49, 50, 53, 54, 55, 56, 57, 60, 61, 62, 63, 66, 67, 70, 71, 74, 75, 78, 95], "summary": {"covered_lines": 21, "num_statements": 21, "percent_covered": 100.0, "percent_covered_display": "100", "missing_lines": 0, "excluded_lines": 0}, "missing_lines": [], "excluded_lines": []}, "AttendanceFeatureExtractor.get_feature_names": {"executed_lines": [101], "summary": {"covered_lines": 1, "num_statements": 1, "percent_covered": 100.0, "percent_covered_display": "100", "missing_lines": 0, "excluded_lines": 0}, "missing_lines": [], "excluded_lines": []}, "AttendanceFeatureExtractor._empty_features": {"executed_lines": [128], "summary": {"covered_lines": 1, "num_statements": 1, "percent_covered": 100.0, "percent_covered_display": "100", "missing_lines": 0, "excluded_lines": 0}, "missing_lines": [], "excluded_lines": []}, "AttendanceFeatureExtractor._calculate_weekly_attendance_rates": {"executed_lines": [153, 157, 158, 159, 160, 161, 163, 164, 165, 168, 169, 170, 171, 172, 174], "summary": {"covered_lines": 15, "num_statements": 16, "percent_covered": 93.75, "percent_covered_display": "94", "missing_lines": 1, "excluded_lines": 0}, "missing_lines": [154], "excluded_lines": []}, "": {"executed_lines": [1, 11, 12, 13, 15, 16, 19, 20, 24, 97, 118, 130], "summary": {"covered_lines": 10, "num_statements": 10, "percent_covered": 100.0, "percent_covered_display": "100", "missing_lines": 0, "excluded_lines": 0}, "missing_lines": [], "excluded_lines": []}}, "classes": {"AttendanceFeatureExtractor": {"executed_lines": [34, 37, 49, 50, 53, 54, 55, 56, 57, 60, 61, 62, 63, 66, 67, 70, 71, 74, 75, 78, 95, 101, 128, 153, 157, 158, 159, 160, 161, 163, 164, 165, 168, 169, 170, 171, 172, 174], "summary": {"covered_lines": 38, "num_statements": 39, "percent_covered": 97.43589743589743, "percent_covered_display": "97", "missing_lines": 1, "excluded_lines": 0}, "missing_lines": [154], "excluded_lines": []}, "": {"executed_lines": [1, 11, 12, 13, 15, 16, 19, 20, 24, 97, 118, 130], "summary": {"covered_lines": 10, "num_statements": 10, "percent_covered": 100.0, "percent_covered_display": "100", "missing_lines": 0, "excluded_lines": 0}, "missing_lines": [], "excluded_lines": []}}}, "src/features/base.py": {"executed_lines": [1, 11, 12, 13, 14, 15, 17, 19, 22, 23, 39, 46, 47, 48, 50, 51, 63, 64, 72, 93, 94, 95, 97, 121, 122, 124, 127, 128, 129, 133, 141, 165, 166, 173, 174, 175, 178, 179, 180, 182, 183, 184, 187, 188, 189, 192, 193, 194, 195, 196, 198], "summary": {"covered_lines": 45, "num_statements": 47, "percent_covered": 95.74468085106383, "percent_covered_display": "96", "missing_lines": 2, "excluded_lines": 20}, "missing_lines": [131, 185], "excluded_lines": [50, 51, 52, 53, 54, 55, 56, 57, 58, 59, 60, 61, 63, 64, 65, 66, 67, 68, 69, 70], "functions": {"BaseFeatureExtractor.__init__": {"executed_lines": [46, 47, 48], "summary": {"covered_lines": 3, "num_statements": 3, "percent_covered": 100.0, "percent_covered_display": "100", "missing_lines": 0, "excluded_lines": 0}, "missing_lines": [], "excluded_lines": []}, "BaseFeatureExtractor.extract": {"executed_lines": [], "summary": {"covered_lines": 0, "num_statements": 0, "percent_covered": 100.0, "percent_covered_display": "100", "missing_lines": 0, "excluded_lines": 10}, "missing_lines": [], "excluded_lines": [52, 53, 54, 55, 56, 57, 58, 59, 60, 61]}, "BaseFeatureExtractor.get_feature_names": {"executed_lines": [], "summary": {"covered_lines": 0, "num_statements": 0, "percent_covered": 100.0, "percent_covered_display": "100", "missing_lines": 0, "excluded_lines": 6}, "missing_lines": [], "excluded_lines": [65, 66, 67, 68, 69, 70]}, "BaseFeatureExtractor.get_date_range": {"executed_lines": [93, 94, 95], "summary": {"covered_lines": 3, "num_statements": 3, "percent_covered": 100.0, "percent_covered_display": "100", "missing_lines": 0, "excluded_lines": 0}, "missing_lines": [], "excluded_lines": []}, "BaseFeatureExtractor.calculate_rolling_stats": {"executed_lines": [121, 122, 124, 127, 128, 129, 133], "summary": {"covered_lines": 7, "num_statements": 8, "percent_covered": 87.5, "percent_covered_display": "88", "missing_lines": 1, "excluded_lines": 0}, "missing_lines": [131], "excluded_lines": []}, "BaseFeatureExtractor.calculate_pattern_features": {"executed_lines": [165, 166, 173, 174, 175, 178, 179, 180, 182, 183, 184, 187, 188, 189, 192, 193, 194, 195, 196, 198], "summary": {"covered_lines": 20, "num_statements": 21, "percent_covered": 95.23809523809524, "percent_covered_display": "95", "missing_lines": 1, "excluded_lines": 0}, "missing_lines": [185], "excluded_lines": []}, "": {"executed_lines": [1, 11, 12, 13, 14, 15, 17, 19, 22, 23, 39, 50, 51, 63, 64, 72, 97, 141], "summary": {"covered_lines": 12, "num_statements": 12, "percent_covered": 100.0, "percent_covered_display": "100", "missing_lines": 0, "excluded_lines": 4}, "missing_lines": [], "excluded_lines": [50, 51, 63, 64]}}, "classes": {"BaseFeatureExtractor": {"executed_lines": [46, 47, 48, 93, 94, 95, 121, 122, 124, 127, 128, 129, 133, 165, 166, 173, 174, 175, 178, 179, 180, 182, 183, 184, 187, 188, 189, 192, 193, 194, 195, 196, 198], "summary": {"covered_lines": 33, "num_statements": 35, "percent_covered": 94.28571428571429, "percent_covered_display": "94", "missing_lines": 2, "excluded_lines": 16}, "missing_lines": [131, 185], "excluded_lines": [52, 53, 54, 55, 56, 57, 58, 59, 60, 61, 65, 66, 67, 68, 69, 70]}, "": {"executed_lines": [1, 11, 12, 13, 14, 15, 17, 19, 22, 23, 39, 50, 51, 63, 64, 72, 97, 141], "summary": {"covered_lines": 12, "num_statements": 12, "percent_covered": 100.0, "percent_covered_display": "100", "missing_lines": 0, "excluded_lines": 4}, "missing_lines": [], "excluded_lines": [50, 51, 63, 64]}}}, "src/features/discipline.py": {"executed_lines": [1, 11, 12, 13, 14, 16, 17, 20, 21, 25, 35, 38, 51, 52, 55, 56, 59, 60, 61, 64, 67, 68, 69, 72, 73, 76, 79, 80, 81, 82, 89, 92, 93, 95, 111, 113, 117, 133, 137, 139, 143, 146, 148, 152, 153, 155, 157, 161, 164, 165, 166, 167, 169, 171, 175, 178, 180, 183, 184, 187, 188, 190, 192, 197, 201, 203, 207, 208, 211], "summary": {"covered_lines": 67, "num_statements": 74, "percent_covered": 90.54054054054055, "percent_covered_display": "91", "missing_lines": 7, "excluded_lines": 0}, "missing_lines": [144, 149, 162, 176, 181, 198, 204], "excluded_lines": [], "functions": {"DisciplineFeatureExtractor.extract": {"executed_lines": [35, 38, 51, 52, 55, 56, 59, 60, 61, 64, 67, 68, 69, 72, 73, 76, 79, 80, 81, 82, 89, 92, 93, 95, 111], "summary": {"covered_lines": 25, "num_statements": 25, "percent_covered": 100.0, "percent_covered_display": "100", "missing_lines": 0, "excluded_lines": 0}, "missing_lines": [], "excluded_lines": []}, "DisciplineFeatureExtractor.get_feature_names": {"executed_lines": [117], "summary": {"covered_lines": 1, "num_statements": 1, "percent_covered": 100.0, "percent_covered_display": "100", "missing_lines": 0, "excluded_lines": 0}, "missing_lines": [], "excluded_lines": []}, "DisciplineFeatureExtractor._empty_features": {"executed_lines": [137], "summary": {"covered_lines": 1, "num_statements": 1, "percent_covered": 100.0, "percent_covered_display": "100", "missing_lines": 0, "excluded_lines": 0}, "missing_lines": [], "excluded_lines": []}, "DisciplineFeatureExtractor._calculate_severity_trend": {"executed_lines": [143, 146, 148, 152, 153, 155], "summary": {"covered_lines": 6, "num_statements": 8, "percent_covered": 75.0, "percent_covered_display": "75", "missing_lines": 2, "excluded_lines": 0}, "missing_lines": [144, 149], "excluded_lines": []}, "DisciplineFeatureExtractor._calculate_time_gaps": {"executed_lines": [161, 164, 165, 166, 167, 169], "summary": {"covered_lines": 6, "num_statements": 7, "percent_covered": 85.71428571428571, "percent_covered_display": "86", "missing_lines": 1, "excluded_lines": 0}, "missing_lines": [162], "excluded_lines": []}, "DisciplineFeatureExtractor._calculate_type_diversity": {"executed_lines": [175, 178, 180, 183, 184, 187, 188, 190], "summary": {"covered_lines": 8, "num_statements": 10, "percent_covered": 80.0, "percent_covered_display": "80", "missing_lines": 2, "excluded_lines": 0}, "missing_lines": [176, 181], "excluded_lines": []}, "DisciplineFeatureExtractor._calculate_incident_acceleration": {"executed_lines": [197, 201, 203, 207, 208, 211], "summary": {"covered_lines": 6, "num_statements": 8, "percent_covered": 75.0, "percent_covered_display": "75", "missing_lines": 2, "excluded_lines": 0}, "missing_lines": [198, 204], "excluded_lines": []}, "": {"executed_lines": [1, 11, 12, 13, 14, 16, 17, 20, 21, 25, 113, 133, 139, 157, 171, 192], "summary": {"covered_lines": 14, "num_statements": 14, "percent_covered": 100.0, "percent_covered_display": "100", "missing_lines": 0, "excluded_lines": 0}, "missing_lines": [], "excluded_lines": []}}, "classes": {"DisciplineFeatureExtractor": {"executed_lines": [35, 38, 51, 52, 55, 56, 59, 60, 61, 64, 67, 68, 69, 72, 73, 76, 79, 80, 81, 82, 89, 92, 93, 95, 111, 117, 137, 143, 146, 148, 152, 153, 155, 161, 164, 165, 166, 167, 169, 175, 178, 180, 183, 184, 187, 188, 190, 197, 201, 203, 207, 208, 211], "summary": {"covered_lines": 53, "num_statements": 60, "percent_covered": 88.33333333333333, "percent_covered_display": "88", "missing_lines": 7, "excluded_lines": 0}, "missing_lines": [144, 149, 162, 176, 181, 198, 204], "excluded_lines": []}, "": {"executed_lines": [1, 11, 12, 13, 14, 16, 17, 20, 21, 25, 113, 133, 139, 157, 171, 192], "summary": {"covered_lines": 14, "num_statements": 14, "percent_covered": 100.0, "percent_covered_display": "100", "missing_lines": 0, "excluded_lines": 0}, "missing_lines": [], "excluded_lines": []}}}, "src/features/grades.py": {"executed_lines": [1, 11, 12, 13, 14, 16, 17, 20, 21, 25, 35, 38, 50, 51, 54, 56, 60, 61, 62, 63, 64, 67, 70, 73, 76, 79, 80, 83, 84, 85, 88, 90, 108, 110, 114, 132, 136, 138, 142, 146, 147, 149, 153, 154, 156, 158, 163, 165, 166, 168, 169, 173, 175, 176, 178, 180, 185, 189, 190, 192, 193, 196, 198, 203, 211], "summary": {"covered_lines": 63, "num_statements": 70, "percent_covered": 90.0, "percent_covered_display": "90", "missing_lines": 7, "excluded_lines": 0}, "missing_lines": [57, 143, 150, 170, 194, 204, 209], "excluded_lines": [], "functions": {"GradeFeatureExtractor.extract": {"executed_lines": [35, 38, 50, 51, 54, 56, 60, 61, 62, 63, 64, 67, 70, 73, 76, 79, 80, 83, 84, 85, 88, 90, 108], "summary": {"covered_lines": 23, "num_statements": 24, "percent_covered": 95.83333333333333, "percent_covered_display": "96", "missing_lines": 1, "excluded_lines": 0}, "missing_lines": [57], "excluded_lines": []}, "GradeFeatureExtractor.get_feature_names": {"executed_lines": [114], "summary": {"covered_lines": 1, "num_statements": 1, "percent_covered": 100.0, "percent_covered_display": "100", "missing_lines": 0, "excluded_lines": 0}, "missing_lines": [], "excluded_lines": []}, "GradeFeatureExtractor._empty_features": {"executed_lines": [136], "summary": {"covered_lines": 1, "num_statements": 1, "percent_covered": 100.0, "percent_covered_display": "100", "missing_lines": 0, "excluded_lines": 0}, "missing_lines": [], "excluded_lines": []}, "GradeFeatureExtractor._calculate_grade_trend": {"executed_lines": [142, 146, 147, 149, 153, 154, 156], "summary": {"covered_lines": 7, "num_statements": 9, "percent_covered": 77.77777777777777, "percent_covered_display": "78", "missing_lines": 2, "excluded_lines": 0}, "missing_lines": [143, 150], "excluded_lines": []}, "GradeFeatureExtractor._analyze_by_subject": {"executed_lines": [163, 165, 166, 168, 169, 173, 175, 176, 178, 180], "summary": {"covered_lines": 10, "num_statements": 11, "percent_covered": 90.9090909090909, "percent_covered_display": "91", "missing_lines": 1, "excluded_lines": 0}, "missing_lines": [170], "excluded_lines": []}, "GradeFeatureExtractor._analyze_by_assignment_type": {"executed_lines": [189, 190, 192, 193, 196, 198, 203, 211], "summary": {"covered_lines": 8, "num_statements": 11, "percent_covered": 72.72727272727273, "percent_covered_display": "73", "missing_lines": 3, "excluded_lines": 0}, "missing_lines": [194, 204, 209], "excluded_lines": []}, "": {"executed_lines": [1, 11, 12, 13, 14, 16, 17, 20, 21, 25, 110, 132, 138, 158, 185], "summary": {"covered_lines": 13, "num_statements": 13, "percent_covered": 100.0, "percent_covered_display": "100", "missing_lines": 0, "excluded_lines": 0}, "missing_lines": [], "excluded_lines": []}}, "classes": {"GradeFeatureExtractor": {"executed_lines": [35, 38, 50, 51, 54, 56, 60, 61, 62, 63, 64, 67, 70, 73, 76, 79, 80, 83, 84, 85, 88, 90, 108, 114, 136, 142, 146, 147, 149, 153, 154, 156, 163, 165, 166, 168, 169, 173, 175, 176, 178, 180, 189, 190, 192, 193, 196, 198, 203, 211], "summary": {"covered_lines": 50, "num_statements": 57, "percent_covered": 87.71929824561404, "percent_covered_display": "88", "missing_lines": 7, "excluded_lines": 0}, "missing_lines": [57, 143, 150, 170, 194, 204, 209], "excluded_lines": []}, "": {"executed_lines": [1, 11, 12, 13, 14, 16, 17, 20, 21, 25, 110, 132, 138, 158, 185], "summary": {"covered_lines": 13, "num_statements": 13, "percent_covered": 100.0, "percent_covered_display": "100", "missing_lines": 0, "excluded_lines": 0}, "missing_lines": [], "excluded_lines": []}}}, "src/features/pipeline.py": {"executed_lines": [1, 11, 12, 13, 14, 15, 16, 17, 19, 20, 21, 22, 23, 25, 28, 29, 47, 80, 127, 153, 165, 175, 197, 228, 252], "summary": {"covered_lines": 23, "num_statements": 102, "percent_covered": 22.54901960784314, "percent_covered_display": "23", "missing_lines": 79, "excluded_lines": 0}, "missing_lines": [58, 59, 62, 69, 70, 71, 72, 73, 74, 75, 76, 78, 92, 94, 95, 96, 97, 100, 102, 103, 104, 106, 107, 108, 109, 111, 112, 115, 116, 119, 120, 123, 125, 140, 142, 143, 144, 145, 146, 147, 149, 151, 157, 159, 160, 161, 163, 170, 172, 173, 194, 195, 215, 216, 218, 219, 220, 221, 222, 223, 224, 226, 243, 244, 246, 247, 248, 249, 250, 271, 273, 282, 284, 287, 302, 304, 305, 306, 307], "excluded_lines": [], "functions": {"FeaturePipeline.__init__": {"executed_lines": [], "summary": {"covered_lines": 0, "num_statements": 12, "percent_covered": 0.0, "percent_covered_display": "0", "missing_lines": 12, "excluded_lines": 0}, "missing_lines": [58, 59, 62, 69, 70, 71, 72, 73, 74, 75, 76, 78], "excluded_lines": []}, "FeaturePipeline.extract_features": {"executed_lines": [], "summary": {"covered_lines": 0, "num_statements": 21, "percent_covered": 0.0, "percent_covered_display": "0", "missing_lines": 21, "excluded_lines": 0}, "missing_lines": [92, 94, 95, 96, 97, 100, 102, 103, 104, 106, 107, 108, 109, 111, 112, 115, 116, 119, 120, 123, 125], "excluded_lines": []}, "FeaturePipeline.extract_batch_features": {"executed_lines": [], "summary": {"covered_lines": 0, "num_statements": 9, "percent_covered": 0.0, "percent_covered_display": "0", "missing_lines": 9, "excluded_lines": 0}, "missing_lines": [140, 142, 143, 144, 145, 146, 147, 149, 151], "excluded_lines": []}, "FeaturePipeline.get_feature_names": {"executed_lines": [], "summary": {"covered_lines": 0, "num_statements": 5, "percent_covered": 0.0, "percent_covered_display": "0", "missing_lines": 5, "excluded_lines": 0}, "missing_lines": [157, 159, 160, 161, 163], "excluded_lines": []}, "FeaturePipeline.get_feature_importance": {"executed_lines": [], "summary": {"covered_lines": 0, "num_statements": 3, "percent_covered": 0.0, "percent_covered_display": "0", "missing_lines": 3, "excluded_lines": 0}, "missing_lines": [170, 172, 173], "excluded_lines": []}, "FeaturePipeline._get_cache_key": {"executed_lines": [], "summary": {"covered_lines": 0, "num_statements": 2, "percent_covered": 0.0, "percent_covered_display": "0", "missing_lines": 2, "excluded_lines": 0}, "missing_lines": [194, 195], "excluded_lines": []}, "FeaturePipeline._get_cached_features": {"executed_lines": [], "summary": {"covered_lines": 0, "num_statements": 10, "percent_covered": 0.0, "percent_covered_display": "0", "missing_lines": 10, "excluded_lines": 0}, "missing_lines": [215, 216, 218, 219, 220, 221, 222, 223, 224, 226], "excluded_lines": []}, "FeaturePipeline._cache_features": {"executed_lines": [], "summary": {"covered_lines": 0, "num_statements": 7, "percent_covered": 0.0, "percent_covered_display": "0", "missing_lines": 7, "excluded_lines": 0}, "missing_lines": [243, 244, 246, 247, 248, 249, 250], "excluded_lines": []}, "FeaturePipeline._store_features_in_db": {"executed_lines": [], "summary": {"covered_lines": 0, "num_statements": 10, "percent_covered": 0.0, "percent_covered_display": "0", "missing_lines": 10, "excluded_lines": 0}, "missing_lines": [271, 273, 282, 284, 287, 302, 304, 305, 306, 307], "excluded_lines": []}, "": {"executed_lines": [1, 11, 12, 13, 14, 15, 16, 17, 19, 20, 21, 22, 23, 25, 28, 29, 47, 80, 127, 153, 165, 175, 197, 228, 252], "summary": {"covered_lines": 23, "num_statements": 23, "percent_covered": 100.0, "percent_covered_display": "100", "missing_lines": 0, "excluded_lines": 0}, "missing_lines": [], "excluded_lines": []}}, "classes": {"FeaturePipeline": {"executed_lines": [], "summary": {"covered_lines": 0, "num_statements": 79, "percent_covered": 0.0, "percent_covered_display": "0", "missing_lines": 79, "excluded_lines": 0}, "missing_lines": [58, 59, 62, 69, 70, 71, 72, 73, 74, 75, 76, 78, 92, 94, 95, 96, 97, 100, 102, 103, 104, 106, 107, 108, 109, 111, 112, 115, 116, 119, 120, 123, 125, 140, 142, 143, 144, 145, 146, 147, 149, 151, 157, 159, 160, 161, 163, 170, 172, 173, 194, 195, 215, 216, 218, 219, 220, 221, 222, 223, 224, 226, 243, 244, 246, 247, 248, 249, 250, 271, 273, 282, 284, 287, 302, 304, 305, 306, 307], "excluded_lines": []}, "": {"executed_lines": [1, 11, 12, 13, 14, 15, 16, 17, 19, 20, 21, 22, 23, 25, 28, 29, 47, 80, 127, 153, 165, 175, 197, 228, 252], "summary": {"covered_lines": 23, "num_statements": 23, "percent_covered": 100.0, "percent_covered_display": "100", "missing_lines": 0, "excluded_lines": 0}, "missing_lines": [], "excluded_lines": []}}}, "src/models/gru_model.py": {"executed_lines": [1, 11, 12, 13, 14, 15, 18, 19, 41, 69, 71, 72, 73, 74, 75, 76, 79, 88, 97, 107, 110, 118, 119, 122, 125, 135, 144, 151, 164, 167, 168, 169, 172, 173, 174, 177, 180, 183, 184, 188, 189, 192, 193, 197, 200, 203, 204, 206, 208, 218, 220, 221, 224, 227, 228, 229, 232, 233, 235, 237, 247, 249, 250, 252, 253, 258, 259, 263, 271, 272, 273, 274, 275, 277, 287, 288, 289, 290, 291, 292, 294, 295, 297], "summary": {"covered_lines": 80, "num_statements": 81, "percent_covered": 98.76543209876543, "percent_covered_display": "99", "missing_lines": 1, "excluded_lines": 0}, "missing_lines": [255], "excluded_lines": [], "functions": {"GRUAttentionModel.__init__": {"executed_lines": [69, 71, 72, 73, 74, 75, 76, 79, 88, 97, 107, 110, 118, 119, 122, 125, 135, 144], "summary": {"covered_lines": 18, "num_statements": 18, "percent_covered": 100.0, "percent_covered_display": "100", "missing_lines": 0, "excluded_lines": 0}, "missing_lines": [], "excluded_lines": []}, "GRUAttentionModel.forward": {"executed_lines": [164, 167, 168, 169, 172, 173, 174, 177, 180, 183, 184, 188, 189, 192, 193, 197, 200, 203, 204, 206], "summary": {"covered_lines": 20, "num_statements": 20, "percent_covered": 100.0, "percent_covered_display": "100", "missing_lines": 0, "excluded_lines": 0}, "missing_lines": [], "excluded_lines": []}, "GRUAttentionModel.predict": {"executed_lines": [218, 220, 221, 224, 227, 228, 229, 232, 233, 235], "summary": {"covered_lines": 10, "num_statements": 10, "percent_covered": 100.0, "percent_covered_display": "100", "missing_lines": 0, "excluded_lines": 0}, "missing_lines": [], "excluded_lines": []}, "GRUAttentionModel.get_attention_weights": {"executed_lines": [247, 249, 250, 252, 253], "summary": {"covered_lines": 5, "num_statements": 6, "percent_covered": 83.33333333333333, "percent_covered_display": "83", "missing_lines": 1, "excluded_lines": 0}, "missing_lines": [255], "excluded_lines": []}, "EarlyStopping.__init__": {"executed_lines": [271, 272, 273, 274, 275], "summary": {"covered_lines": 5, "num_statements": 5, "percent_covered": 100.0, "percent_covered_display": "100", "missing_lines": 0, "excluded_lines": 0}, "missing_lines": [], "excluded_lines": []}, "EarlyStopping.__call__": {"executed_lines": [287, 288, 289, 290, 291, 292, 294, 295, 297], "summary": {"covered_lines": 9, "num_statements": 9, "percent_covered": 100.0, "percent_covered_display": "100", "missing_lines": 0, "excluded_lines": 0}, "missing_lines": [], "excluded_lines": []}, "": {"executed_lines": [1, 11, 12, 13, 14, 15, 18, 19, 41, 151, 208, 237, 258, 259, 263, 277], "summary": {"covered_lines": 13, "num_statements": 13, "percent_covered": 100.0, "percent_covered_display": "100", "missing_lines": 0, "excluded_lines": 0}, "missing_lines": [], "excluded_lines": []}}, "classes": {"GRUAttentionModel": {"executed_lines": [69, 71, 72, 73, 74, 75, 76, 79, 88, 97, 107, 110, 118, 119, 122, 125, 135, 144, 164, 167, 168, 169, 172, 173, 174, 177, 180, 183, 184, 188, 189, 192, 193, 197, 200, 203, 204, 206, 218, 220, 221, 224, 227, 228, 229, 232, 233, 235, 247, 249, 250, 252, 253], "summary": {"covered_lines": 53, "num_statements": 54, "percent_covered": 98.14814814814815, "percent_covered_display": "98", "missing_lines": 1, "excluded_lines": 0}, "missing_lines": [255], "excluded_lines": []}, "EarlyStopping": {"executed_lines": [271, 272, 273, 274, 275, 287, 288, 289, 290, 291, 292, 294, 295, 297], "summary": {"covered_lines": 14, "num_statements": 14, "percent_covered": 100.0, "percent_covered_display": "100", "missing_lines": 0, "excluded_lines": 0}, "missing_lines": [], "excluded_lines": []}, "": {"executed_lines": [1, 11, 12, 13, 14, 15, 18, 19, 41, 151, 208, 237, 258, 259, 263, 277], "summary": {"covered_lines": 13, "num_statements": 13, "percent_covered": 100.0, "percent_covered_display": "100", "missing_lines": 0, "excluded_lines": 0}, "missing_lines": [], "excluded_lines": []}}}, "src/models/schemas.py": {"executed_lines": [1, 11, 12, 13, 14, 15, 18, 19, 20, 21, 22, 25, 26, 27, 28, 29, 32, 33, 34, 35, 36, 40, 41, 42, 43, 44, 45, 46, 47, 48, 49, 50, 51, 52, 55, 56, 59, 60, 61, 62, 63, 64, 65, 66, 67, 68, 69, 70, 73, 74, 76, 77, 78, 79, 83, 84, 85, 86, 87, 90, 91, 92, 95, 96, 98, 99, 100, 104, 105, 106, 107, 110, 111, 112, 113, 114, 115, 118, 119, 122, 123, 125, 126, 127, 128, 132, 133, 134, 135, 136, 139, 140, 143, 144, 146, 147, 148, 152, 153, 154, 155, 158, 159, 162, 163, 165, 166, 167, 171, 172, 173, 174, 175, 176, 177, 180, 181, 184, 185, 187, 188, 189, 193, 194, 195, 196, 197, 198, 201, 202, 205, 206, 208, 209, 210, 214, 215, 216, 217, 218, 219, 222, 223, 226, 227, 229, 230, 231, 235, 236, 237, 238, 241, 242, 243, 246, 247, 248, 249, 252, 253, 254, 257, 258, 259, 260, 263, 264, 265, 266, 269, 270, 271, 275, 276, 277, 280, 281, 282, 283, 284, 285], "summary": {"covered_lines": 180, "num_statements": 180, "percent_covered": 100.0, "percent_covered_display": "100", "missing_lines": 0, "excluded_lines": 0}, "missing_lines": [], "excluded_lines": [], "functions": {"": {"executed_lines": [1, 11, 12, 13, 14, 15, 18, 19, 20, 21, 22, 25, 26, 27, 28, 29, 32, 33, 34, 35, 36, 40, 41, 42, 43, 44, 45, 46, 47, 48, 49, 50, 51, 52, 55, 56, 59, 60, 61, 62, 63, 64, 65, 66, 67, 68, 69, 70, 73, 74, 76, 77, 78, 79, 83, 84, 85, 86, 87, 90, 91, 92, 95, 96, 98, 99, 100, 104, 105, 106, 107, 110, 111, 112, 113, 114, 115, 118, 119, 122, 123, 125, 126, 127, 128, 132, 133, 134, 135, 136, 139, 140, 143, 144, 146, 147, 148, 152, 153, 154, 155, 158, 159, 162, 163, 165, 166, 167, 171, 172, 173, 174, 175, 176, 177, 180, 181, 184, 185, 187, 188, 189, 193, 194, 195, 196, 197, 198, 201, 202, 205, 206, 208, 209, 210, 214, 215, 216, 217, 218, 219, 222, 223, 226, 227, 229, 230, 231, 235, 236, 237, 238, 241, 242, 243, 246, 247, 248, 249, 252, 253, 254, 257, 258, 259, 260, 263, 264, 265, 266, 269, 270, 271, 275, 276, 277, 280, 281, 282, 283, 284, 285], "summary": {"covered_lines": 180, "num_statements": 180, "percent_covered": 100.0, "percent_covered_display": "100", "missing_lines": 0, "excluded_lines": 0}, "missing_lines": [], "excluded_lines": []}}, "classes": {"RiskCategory": {"executed_lines": [], "summary": {"covered_lines": 0, "num_statements": 0, "percent_covered": 100.0, "percent_covered_display": "100", "missing_lines": 0, "excluded_lines": 0}, "missing_lines": [], "excluded_lines": []}, "AttendanceStatus": {"executed_lines": [], "summary": {"covered_lines": 0, "num_statements": 0, "percent_covered": 100.0, "percent_covered_display": "100", "missing_lines": 0, "excluded_lines": 0}, "missing_lines": [], "excluded_lines": []}, "FeedbackType": {"executed_lines": [], "summary": {"covered_lines": 0, "num_statements": 0, "percent_covered": 100.0, "percent_covered_display": "100", "missing_lines": 0, "excluded_lines": 0}, "missing_lines": [], "excluded_lines": []}, "StudentBase": {"executed_lines": [], "summary": {"covered_lines": 0, "num_statements": 0, "percent_covered": 100.0, "percent_covered_display": "100", "missing_lines": 0, "excluded_lines": 0}, "missing_lines": [], "excluded_lines": []}, "StudentCreate": {"executed_lines": [], "summary": {"covered_lines": 0, "num_statements": 0, "percent_covered": 100.0, "percent_covered_display": "100", "missing_lines": 0, "excluded_lines": 0}, "missing_lines": [], "excluded_lines": []}, "StudentUpdate": {"executed_lines": [], "summary": {"covered_lines": 0, "num_statements": 0, "percent_covered": 100.0, "percent_covered_display": "100", "missing_lines": 0, "excluded_lines": 0}, "missing_lines": [], "excluded_lines": []}, "Student": {"executed_lines": [], "summary": {"covered_lines": 0, "num_statements": 0, "percent_covered": 100.0, "percent_covered_display": "100", "missing_lines": 0, "excluded_lines": 0}, "missing_lines": [], "excluded_lines": []}, "StudentFeatureBase": {"executed_lines": [], "summary": {"covered_lines": 0, "num_statements": 0, "percent_covered": 100.0, "percent_covered_display": "100", "missing_lines": 0, "excluded_lines": 0}, "missing_lines": [], "excluded_lines": []}, "StudentFeatureCreate": {"executed_lines": [], "summary": {"covered_lines": 0, "num_statements": 0, "percent_covered": 100.0, "percent_covered_display": "100", "missing_lines": 0, "excluded_lines": 0}, "missing_lines": [], "excluded_lines": []}, "StudentFeature": {"executed_lines": [], "summary": {"covered_lines": 0, "num_statements": 0, "percent_covered": 100.0, "percent_covered_display": "100", "missing_lines": 0, "excluded_lines": 0}, "missing_lines": [], "excluded_lines": []}, "RiskFactor": {"executed_lines": [], "summary": {"covered_lines": 0, "num_statements": 0, "percent_covered": 100.0, "percent_covered_display": "100", "missing_lines": 0, "excluded_lines": 0}, "missing_lines": [], "excluded_lines": []}, "PredictionBase": {"executed_lines": [], "summary": {"covered_lines": 0, "num_statements": 0, "percent_covered": 100.0, "percent_covered_display": "100", "missing_lines": 0, "excluded_lines": 0}, "missing_lines": [], "excluded_lines": []}, "PredictionCreate": {"executed_lines": [], "summary": {"covered_lines": 0, "num_statements": 0, "percent_covered": 100.0, "percent_covered_display": "100", "missing_lines": 0, "excluded_lines": 0}, "missing_lines": [], "excluded_lines": []}, "Prediction": {"executed_lines": [], "summary": {"covered_lines": 0, "num_statements": 0, "percent_covered": 100.0, "percent_covered_display": "100", "missing_lines": 0, "excluded_lines": 0}, "missing_lines": [], "excluded_lines": []}, "TrainingFeedbackBase": {"executed_lines": [], "summary": {"covered_lines": 0, "num_statements": 0, "percent_covered": 100.0, "percent_covered_display": "100", "missing_lines": 0, "excluded_lines": 0}, "missing_lines": [], "excluded_lines": []}, "TrainingFeedbackCreate": {"executed_lines": [], "summary": {"covered_lines": 0, "num_statements": 0, "percent_covered": 100.0, "percent_covered_display": "100", "missing_lines": 0, "excluded_lines": 0}, "missing_lines": [], "excluded_lines": []}, "TrainingFeedback": {"executed_lines": [], "summary": {"covered_lines": 0, "num_statements": 0, "percent_covered": 100.0, "percent_covered_display": "100", "missing_lines": 0, "excluded_lines": 0}, "missing_lines": [], "excluded_lines": []}, "AttendanceRecordBase": {"executed_lines": [], "summary": {"covered_lines": 0, "num_statements": 0, "percent_covered": 100.0, "percent_covered_display": "100", "missing_lines": 0, "excluded_lines": 0}, "missing_lines": [], "excluded_lines": []}, "AttendanceRecordCreate": {"executed_lines": [], "summary": {"covered_lines": 0, "num_statements": 0, "percent_covered": 100.0, "percent_covered_display": "100", "missing_lines": 0, "excluded_lines": 0}, "missing_lines": [], "excluded_lines": []}, "AttendanceRecord": {"executed_lines": [], "summary": {"covered_lines": 0, "num_statements": 0, "percent_covered": 100.0, "percent_covered_display": "100", "missing_lines": 0, "excluded_lines": 0}, "missing_lines": [], "excluded_lines": []}, "GradeBase": {"executed_lines": [], "summary": {"covered_lines": 0, "num_statements": 0, "percent_covered": 100.0, "percent_covered_display": "100", "missing_lines": 0, "excluded_lines": 0}, "missing_lines": [], "excluded_lines": []}, "GradeCreate": {"executed_lines": [], "summary": {"covered_lines": 0, "num_statements": 0, "percent_covered": 100.0, "percent_covered_display": "100", "missing_lines": 0, "excluded_lines": 0}, "missing_lines": [], "excluded_lines": []}, "Grade": {"executed_lines": [], "summary": {"covered_lines": 0, "num_statements": 0, "percent_covered": 100.0, "percent_covered_display": "100", "missing_lines": 0, "excluded_lines": 0}, "missing_lines": [], "excluded_lines": []}, "DisciplineIncidentBase": {"executed_lines": [], "summary": {"covered_lines": 0, "num_statements": 0, "percent_covered": 100.0, "percent_covered_display": "100", "missing_lines": 0, "excluded_lines": 0}, "missing_lines": [], "excluded_lines": []}, "DisciplineIncidentCreate": {"executed_lines": [], "summary": {"covered_lines": 0, "num_statements": 0, "percent_covered": 100.0, "percent_covered_display": "100", "missing_lines": 0, "excluded_lines": 0}, "missing_lines": [], "excluded_lines": []}, "DisciplineIncident": {"executed_lines": [], "summary": {"covered_lines": 0, "num_statements": 0, "percent_covered": 100.0, "percent_covered_display": "100", "missing_lines": 0, "excluded_lines": 0}, "missing_lines": [], "excluded_lines": []}, "ModelMetadataBase": {"executed_lines": [], "summary": {"covered_lines": 0, "num_statements": 0, "percent_covered": 100.0, "percent_covered_display": "100", "missing_lines": 0, "excluded_lines": 0}, "missing_lines": [], "excluded_lines": []}, "ModelMetadataCreate": {"executed_lines": [], "summary": {"covered_lines": 0, "num_statements": 0, "percent_covered": 100.0, "percent_covered_display": "100", "missing_lines": 0, "excluded_lines": 0}, "missing_lines": [], "excluded_lines": []}, "ModelMetadata": {"executed_lines": [], "summary": {"covered_lines": 0, "num_statements": 0, "percent_covered": 100.0, "percent_covered_display": "100", "missing_lines": 0, "excluded_lines": 0}, "missing_lines": [], "excluded_lines": []}, "PredictRequest": {"executed_lines": [], "summary": {"covered_lines": 0, "num_statements": 0, "percent_covered": 100.0, "percent_covered_display": "100", "missing_lines": 0, "excluded_lines": 0}, "missing_lines": [], "excluded_lines": []}, "BatchPredictRequest": {"executed_lines": [], "summary": {"covered_lines": 0, "num_statements": 0, "percent_covered": 100.0, "percent_covered_display": "100", "missing_lines": 0, "excluded_lines": 0}, "missing_lines": [], "excluded_lines": []}, "PredictResponse": {"executed_lines": [], "summary": {"covered_lines": 0, "num_statements": 0, "percent_covered": 100.0, "percent_covered_display": "100", "missing_lines": 0, "excluded_lines": 0}, "missing_lines": [], "excluded_lines": []}, "BatchPredictResponse": {"executed_lines": [], "summary": {"covered_lines": 0, "num_statements": 0, "percent_covered": 100.0, "percent_covered_display": "100", "missing_lines": 0, "excluded_lines": 0}, "missing_lines": [], "excluded_lines": []}, "TrainingUpdateRequest": {"executed_lines": [], "summary": {"covered_lines": 0, "num_statements": 0, "percent_covered": 100.0, "percent_covered_display": "100", "missing_lines": 0, "excluded_lines": 0}, "missing_lines": [], "excluded_lines": []}, "TrainingUpdateResponse": {"executed_lines": [], "summary": {"covered_lines": 0, "num_statements": 0, "percent_covered": 100.0, "percent_covered_display": "100", "missing_lines": 0, "excluded_lines": 0}, "missing_lines": [], "excluded_lines": []}, "MetricsResponse": {"executed_lines": [], "summary": {"covered_lines": 0, "num_statements": 0, "percent_covered": 100.0, "percent_covered_display": "100", "missing_lines": 0, "excluded_lines": 0}, "missing_lines": [], "excluded_lines": []}, "RiskLevel": {"executed_lines": [], "summary": {"covered_lines": 0, "num_statements": 0, "percent_covered": 100.0, "percent_covered_display": "100", "missing_lines": 0, "excluded_lines": 0}, "missing_lines": [], "excluded_lines": []}, "": {"executed_lines": [1, 11, 12, 13, 14, 15, 18, 19, 20, 21, 22, 25, 26, 27, 28, 29, 32, 33, 34, 35, 36, 40, 41, 42, 43, 44, 45, 46, 47, 48, 49, 50, 51, 52, 55, 56, 59, 60, 61, 62, 63, 64, 65, 66, 67, 68, 69, 70, 73, 74, 76, 77, 78, 79, 83, 84, 85, 86, 87, 90, 91, 92, 95, 96, 98, 99, 100, 104, 105, 106, 107, 110, 111, 112, 113, 114, 115, 118, 119, 122, 123, 125, 126, 127, 128, 132, 133, 134, 135, 136, 139, 140, 143, 144, 146, 147, 148, 152, 153, 154, 155, 158, 159, 162, 163, 165, 166, 167, 171, 172, 173, 174, 175, 176, 177, 180, 181, 184, 185, 187, 188, 189, 193, 194, 195, 196, 197, 198, 201, 202, 205, 206, 208, 209, 210, 214, 215, 216, 217, 218, 219, 222, 223, 226, 227, 229, 230, 231, 235, 236, 237, 238, 241, 242, 243, 246, 247, 248, 249, 252, 253, 254, 257, 258, 259, 260, 263, 264, 265, 266, 269, 270, 271, 275, 276, 277, 280, 281, 282, 283, 284, 285], "summary": {"covered_lines": 180, "num_statements": 180, "percent_covered": 100.0, "percent_covered_display": "100", "missing_lines": 0, "excluded_lines": 0}, "missing_lines": [], "excluded_lines": []}}}, "src/services/prediction_service.py": {"executed_lines": [1, 11, 12, 13, 14, 15, 17, 18, 19, 20, 21, 22, 24, 27, 28, 42, 49, 50, 51, 52, 55, 57, 73, 75, 85, 90, 92, 93, 101, 125, 129, 130, 134, 136, 138, 141, 142, 145, 148, 155, 187, 189, 190, 240, 241, 243, 245, 259, 260, 263, 264, 265, 267, 274, 275, 277, 282, 283, 286, 287, 290, 292, 296, 344, 353, 362, 370, 399, 410, 411, 426, 427, 436], "summary": {"covered_lines": 71, "num_statements": 141, "percent_covered": 50.354609929078016, "percent_covered_display": "50", "missing_lines": 70, "excluded_lines": 0}, "missing_lines": [86, 87, 88, 95, 96, 98, 99, 126, 131, 151, 153, 193, 194, 199, 202, 203, 204, 207, 208, 211, 212, 213, 214, 217, 218, 227, 228, 229, 232, 238, 310, 313, 317, 320, 323, 324, 326, 327, 328, 331, 334, 336, 338, 342, 346, 347, 348, 349, 350, 351, 355, 356, 357, 358, 359, 360, 364, 365, 366, 367, 368, 382, 383, 386, 392, 393, 394, 397, 428, 430], "excluded_lines": [], "functions": {"PredictionService.__init__": {"executed_lines": [49, 50, 51, 52, 55], "summary": {"covered_lines": 5, "num_statements": 5, "percent_covered": 100.0, "percent_covered_display": "100", "missing_lines": 0, "excluded_lines": 0}, "missing_lines": [], "excluded_lines": []}, "PredictionService.load_model": {"executed_lines": [73, 75, 85, 90, 92, 93], "summary": {"covered_lines": 6, "num_statements": 13, "percent_covered": 46.15384615384615, "percent_covered_display": "46", "missing_lines": 7, "excluded_lines": 0}, "missing_lines": [86, 87, 88, 95, 96, 98, 99], "excluded_lines": []}, "PredictionService.prepare_sequence": {"executed_lines": [125, 129, 130, 134, 136, 138, 141, 142, 145, 148], "summary": {"covered_lines": 10, "num_statements": 14, "percent_covered": 71.42857142857143, "percent_covered_display": "71", "missing_lines": 4, "excluded_lines": 0}, "missing_lines": [126, 131, 151, 153], "excluded_lines": []}, "PredictionService.predict_risk": {"executed_lines": [187, 189, 190, 240, 241, 243], "summary": {"covered_lines": 6, "num_statements": 25, "percent_covered": 24.0, "percent_covered_display": "24", "missing_lines": 19, "excluded_lines": 0}, "missing_lines": [193, 194, 199, 202, 203, 204, 207, 208, 211, 212, 213, 214, 217, 218, 227, 228, 229, 232, 238], "excluded_lines": []}, "PredictionService.predict_batch": {"executed_lines": [259, 260, 263, 264, 265, 267, 274, 275, 277, 282, 283, 286, 287, 290, 292], "summary": {"covered_lines": 15, "num_statements": 15, "percent_covered": 100.0, "percent_covered_display": "100", "missing_lines": 0, "excluded_lines": 0}, "missing_lines": [], "excluded_lines": []}, "PredictionService._extract_contributing_factors": {"executed_lines": [], "summary": {"covered_lines": 0, "num_statements": 14, "percent_covered": 0.0, "percent_covered_display": "0", "missing_lines": 14, "excluded_lines": 0}, "missing_lines": [310, 313, 317, 320, 323, 324, 326, 327, 328, 331, 334, 336, 338, 342], "excluded_lines": []}, "PredictionService._describe_attendance_factor": {"executed_lines": [], "summary": {"covered_lines": 0, "num_statements": 6, "percent_covered": 0.0, "percent_covered_display": "0", "missing_lines": 6, "excluded_lines": 0}, "missing_lines": [346, 347, 348, 349, 350, 351], "excluded_lines": []}, "PredictionService._describe_grades_factor": {"executed_lines": [], "summary": {"covered_lines": 0, "num_statements": 6, "percent_covered": 0.0, "percent_covered_display": "0", "missing_lines": 6, "excluded_lines": 0}, "missing_lines": [355, 356, 357, 358, 359, 360], "excluded_lines": []}, "PredictionService._describe_discipline_factor": {"executed_lines": [], "summary": {"covered_lines": 0, "num_statements": 5, "percent_covered": 0.0, "percent_covered_display": "0", "missing_lines": 5, "excluded_lines": 0}, "missing_lines": [364, 365, 366, 367, 368], "excluded_lines": []}, "PredictionService._describe_factor": {"executed_lines": [], "summary": {"covered_lines": 0, "num_statements": 7, "percent_covered": 0.0, "percent_covered_display": "0", "missing_lines": 7, "excluded_lines": 0}, "missing_lines": [382, 383, 386, 392, 393, 394, 397], "excluded_lines": []}, "PredictionService._fallback_prediction": {"executed_lines": [410, 411, 426, 427], "summary": {"covered_lines": 4, "num_statements": 6, "percent_covered": 66.66666666666667, "percent_covered_display": "67", "missing_lines": 2, "excluded_lines": 0}, "missing_lines": [428, 430], "excluded_lines": []}, "": {"executed_lines": [1, 11, 12, 13, 14, 15, 17, 18, 19, 20, 21, 22, 24, 27, 28, 42, 57, 101, 155, 245, 296, 344, 353, 362, 370, 399, 436], "summary": {"covered_lines": 25, "num_statements": 25, "percent_covered": 100.0, "percent_covered_display": "100", "missing_lines": 0, "excluded_lines": 0}, "missing_lines": [], "excluded_lines": []}}, "classes": {"PredictionService": {"executed_lines": [49, 50, 51, 52, 55, 73, 75, 85, 90, 92, 93, 125, 129, 130, 134, 136, 138, 141, 142, 145, 148, 187, 189, 190, 240, 241, 243, 259, 260, 263, 264, 265, 267, 274, 275, 277, 282, 283, 286, 287, 290, 292, 410, 411, 426, 427], "summary": {"covered_lines": 46, "num_statements": 116, "percent_covered": 39.6551724137931, "percent_covered_display": "40", "missing_lines": 70, "excluded_lines": 0}, "missing_lines": [86, 87, 88, 95, 96, 98, 99, 126, 131, 151, 153, 193, 194, 199, 202, 203, 204, 207, 208, 211, 212, 213, 214, 217, 218, 227, 228, 229, 232, 238, 310, 313, 317, 320, 323, 324, 326, 327, 328, 331, 334, 336, 338, 342, 346, 347, 348, 349, 350, 351, 355, 356, 357, 358, 359, 360, 364, 365, 366, 367, 368, 382, 383, 386, 392, 393, 394, 397, 428, 430], "excluded_lines": []}, "": {"executed_lines": [1, 11, 12, 13, 14, 15, 17, 18, 19, 20, 21, 22, 24, 27, 28, 42, 57, 101, 155, 245, 296, 344, 353, 362, 370, 399, 436], "summary": {"covered_lines": 25, "num_statements": 25, "percent_covered": 100.0, "percent_covered_display": "100", "missing_lines": 0, "excluded_lines": 0}, "missing_lines": [], "excluded_lines": []}}}, "src/training/trainer.py": {"executed_lines": [1, 11, 12, 13, 14, 15, 16, 17, 18, 20, 21, 22, 23, 25, 28, 29, 44, 71, 72, 73, 76, 80, 83, 85, 105, 108, 110, 112, 114, 115, 116, 117, 120, 122, 133, 135, 136, 138, 160, 163, 164, 178, 179, 197, 215, 216, 217, 220, 221, 224, 229, 234, 237, 246, 315, 374, 426, 460, 475, 477, 478], "summary": {"covered_lines": 58, "num_statements": 132, "percent_covered": 43.93939393939394, "percent_covered_display": "44", "missing_lines": 74, "excluded_lines": 0}, "missing_lines": [77, 78, 165, 166, 169, 172, 173, 175, 268, 270, 271, 272, 273, 275, 276, 277, 278, 279, 282, 285, 288, 289, 292, 295, 298, 301, 304, 305, 306, 307, 309, 336, 338, 339, 340, 341, 343, 344, 345, 346, 347, 348, 351, 354, 355, 360, 363, 364, 365, 366, 368, 395, 397, 399, 402, 405, 408, 409, 410, 411, 412, 413, 416, 417, 418, 419, 422, 423, 424, 441, 443, 458, 479, 481], "excluded_lines": [], "functions": {"StudentSequenceDataset.__init__": {"executed_lines": [71, 72, 73, 76, 80, 83], "summary": {"covered_lines": 6, "num_statements": 8, "percent_covered": 75.0, "percent_covered_display": "75", "missing_lines": 2, "excluded_lines": 0}, "missing_lines": [77, 78], "excluded_lines": []}, "StudentSequenceDataset._prepare_samples": {"executed_lines": [105, 108, 110, 112, 114, 115, 116, 117, 120, 122, 133], "summary": {"covered_lines": 11, "num_statements": 11, "percent_covered": 100.0, "percent_covered_display": "100", "missing_lines": 0, "excluded_lines": 0}, "missing_lines": [], "excluded_lines": []}, "StudentSequenceDataset.__len__": {"executed_lines": [136], "summary": {"covered_lines": 1, "num_statements": 1, "percent_covered": 100.0, "percent_covered_display": "100", "missing_lines": 0, "excluded_lines": 0}, "missing_lines": [], "excluded_lines": []}, "StudentSequenceDataset.__getitem__": {"executed_lines": [160, 163, 164], "summary": {"covered_lines": 3, "num_statements": 9, "percent_covered": 33.333333333333336, "percent_covered_display": "33", "missing_lines": 6, "excluded_lines": 0}, "missing_lines": [165, 166, 169, 172, 173, 175], "excluded_lines": []}, "ModelTrainer.__init__": {"executed_lines": [215, 216, 217, 220, 221, 224, 229, 234, 237], "summary": {"covered_lines": 9, "num_statements": 9, "percent_covered": 100.0, "percent_covered_display": "100", "missing_lines": 0, "excluded_lines": 0}, "missing_lines": [], "excluded_lines": []}, "ModelTrainer.train_epoch": {"executed_lines": [], "summary": {"covered_lines": 0, "num_statements": 23, "percent_covered": 0.0, "percent_covered_display": "0", "missing_lines": 23, "excluded_lines": 0}, "missing_lines": [268, 270, 271, 272, 273, 275, 276, 277, 278, 279, 282, 285, 288, 289, 292, 295, 298, 301, 304, 305, 306, 307, 309], "excluded_lines": []}, "ModelTrainer.validate": {"executed_lines": [], "summary": {"covered_lines": 0, "num_statements": 20, "percent_covered": 0.0, "percent_covered_display": "0", "missing_lines": 20, "excluded_lines": 0}, "missing_lines": [336, 338, 339, 340, 341, 343, 344, 345, 346, 347, 348, 351, 354, 355, 360, 363, 364, 365, 366, 368], "excluded_lines": []}, "ModelTrainer.fit": {"executed_lines": [], "summary": {"covered_lines": 0, "num_statements": 18, "percent_covered": 0.0, "percent_covered_display": "0", "missing_lines": 18, "excluded_lines": 0}, "missing_lines": [395, 397, 399, 402, 405, 408, 409, 410, 411, 412, 413, 416, 417, 418, 419, 422, 423, 424], "excluded_lines": []}, "ModelTrainer.save_model": {"executed_lines": [], "summary": {"covered_lines": 0, "num_statements": 3, "percent_covered": 0.0, "percent_covered_display": "0", "missing_lines": 3, "excluded_lines": 0}, "missing_lines": [441, 443, 458], "excluded_lines": []}, "ModelTrainer.load_model": {"executed_lines": [475, 477, 478], "summary": {"covered_lines": 3, "num_statements": 5, "percent_covered": 60.0, "percent_covered_display": "60", "missing_lines": 2, "excluded_lines": 0}, "missing_lines": [479, 481], "excluded_lines": []}, "": {"executed_lines": [1, 11, 12, 13, 14, 15, 16, 17, 18, 20, 21, 22, 23, 25, 28, 29, 44, 85, 135, 138, 178, 179, 197, 246, 315, 374, 426, 460], "summary": {"covered_lines": 25, "num_statements": 25, "percent_covered": 100.0, "percent_covered_display": "100", "missing_lines": 0, "excluded_lines": 0}, "missing_lines": [], "excluded_lines": []}}, "classes": {"StudentSequenceDataset": {"executed_lines": [71, 72, 73, 76, 80, 83, 105, 108, 110, 112, 114, 115, 116, 117, 120, 122, 133, 136, 160, 163, 164], "summary": {"covered_lines": 21, "num_statements": 29, "percent_covered": 72.41379310344827, "percent_covered_display": "72", "missing_lines": 8, "excluded_lines": 0}, "missing_lines": [77, 78, 165, 166, 169, 172, 173, 175], "excluded_lines": []}, "ModelTrainer": {"executed_lines": [215, 216, 217, 220, 221, 224, 229, 234, 237, 475, 477, 478], "summary": {"covered_lines": 12, "num_statements": 78, "percent_covered": 15.384615384615385, "percent_covered_display": "15", "missing_lines": 66, "excluded_lines": 0}, "missing_lines": [268, 270, 271, 272, 273, 275, 276, 277, 278, 279, 282, 285, 288, 289, 292, 295, 298, 301, 304, 305, 306, 307, 309, 336, 338, 339, 340, 341, 343, 344, 345, 346, 347, 348, 351, 354, 355, 360, 363, 364, 365, 366, 368, 395, 397, 399, 402, 405, 408, 409, 410, 411, 412, 413, 416, 417, 418, 419, 422, 423, 424, 441, 443, 458, 479, 481], "excluded_lines": []}, "": {"executed_lines": [1, 11, 12, 13, 14, 15, 16, 17, 18, 20, 21, 22, 23, 25, 28, 29, 44, 85, 135, 138, 178, 179, 197, 246, 315, 374, 426, 460], "summary": {"covered_lines": 25, "num_statements": 25, "percent_covered": 100.0, "percent_covered_display": "100", "missing_lines": 0, "excluded_lines": 0}, "missing_lines": [], "excluded_lines": []}}}}, "totals": {"covered_lines": 970, "num_statements": 1296, "percent_covered": 74.84567901234568, "percent_covered_display": "75", "missing_lines": 326, "excluded_lines": 20}}